ISim log file
Running: C:\Users\pravinkumar\Documents\GitHub\AsyncARM\memory_test_isim_beh.exe -intstyle ise -gui -tclbatch isim.cmd -wdb C:/Users/pravinkumar/Documents/GitHub/AsyncARM/memory_test_isim_beh.wdb 
ISim P.28xd (signature 0xa0883be4)
----------------------------------------------------------------------
INFO:Security:51 - The XILINXD_LICENSE_FILE environment variable is not set.
INFO:Security:52 - The LM_LICENSE_FILE environment variable is set to 'C:/Flexlm_10.0c/LICENSE.DAT'.
INFO:Security:68a - user is pravinkumar, on host CALYPSO.
WARNING:Security:43 - No license file was found in the standard Xilinx license directory.
WARNING:Security:44 - Since no license file was found,
       please run the Xilinx License Configuration Manager
       (xlcm or "Manage Xilinx Licenses")
       to assist in obtaining a license.
ERROR:Security:14 - No feature was available for 'ISIM'.

No such feature exists.
Feature:       ISIM
License path:  C:/.Xilinx;C:\Xilinx\14.2\ISE_DS\ISE\/coregen/core_licenses\Xilinx.lic;C:\Xilinx\14.2\ISE_DS\ISE\/coregen/core_licenses\XilinxFree.lic;C:\Xilinx\14.2\ISE_DS\EDK/data/core_licenses\Xilinx.lic;C:/Flexlm_10.0c/LICENSE.DAT;
FLEXnet Licensing error:-5,357
For further information, refer to the FLEXnet Licensing documentation,
available at "www.acresso.com".
----------------------------------------------------------------------
WARNING: A full ISim License cannot be checked out due to the issues listed above. Please use Xilinx License Configuration Manager to fix these issues in order to check out a full ISim license.
WARNING: ISim will run in Lite mode. Please refer to the ISim documentation for more information on the differences between the Lite and the Full version.
This is a Lite version of ISim.
Time resolution is 1 ps
# onerror resume
# wave add /
# run 1000 ns
Simulator is doing circuit initialization process.
Finished circuit initialization process.
Contents of r1          0 at time                    0
ISim P.28xd (signature 0xa0883be4)
----------------------------------------------------------------------
INFO:Security:51 - The XILINXD_LICENSE_FILE environment variable is not set.
INFO:Security:52 - The LM_LICENSE_FILE environment variable is set to 'C:/Flexlm_10.0c/LICENSE.DAT'.
INFO:Security:68a - user is pravinkumar, on host CALYPSO.
WARNING:Security:43 - No license file was found in the standard Xilinx license directory.
WARNING:Security:44 - Since no license file was found,
       please run the Xilinx License Configuration Manager
       (xlcm or "Manage Xilinx Licenses")
       to assist in obtaining a license.
ERROR:Security:14 - No feature was available for 'ISIM'.

No such feature exists.
Feature:       ISIM
License path:  C:/.Xilinx;C:\Xilinx\14.2\ISE_DS\ISE\/coregen/core_licenses\Xilinx.lic;C:\Xilinx\14.2\ISE_DS\ISE\/coregen/core_licenses\XilinxFree.lic;C:\Xilinx\14.2\ISE_DS\EDK/data/core_licenses\Xilinx.lic;C:/Flexlm_10.0c/LICENSE.DAT;
FLEXnet Licensing error:-5,357
For further information, refer to the FLEXnet Licensing documentation,
available at "www.acresso.com".
----------------------------------------------------------------------
WARNING: A full ISim License cannot be checked out due to the issues listed above. Please use Xilinx License Configuration Manager to fix these issues in order to check out a full ISim license.
WARNING: ISim will run in Lite mode. Please refer to the ISim documentation for more information on the differences between the Lite and the Full version.
This is a Lite version of ISim.
# run 1000 ns
Simulator is doing circuit initialization process.
Finished circuit initialization process.
Contents of r1          0 at time                    0
In MEM, ran reset trigger at time                  100
ISim P.28xd (signature 0xa0883be4)
----------------------------------------------------------------------
INFO:Security:51 - The XILINXD_LICENSE_FILE environment variable is not set.
INFO:Security:52 - The LM_LICENSE_FILE environment variable is set to 'C:/Flexlm_10.0c/LICENSE.DAT'.
INFO:Security:68a - user is pravinkumar, on host CALYPSO.
WARNING:Security:43 - No license file was found in the standard Xilinx license directory.
WARNING:Security:44 - Since no license file was found,
       please run the Xilinx License Configuration Manager
       (xlcm or "Manage Xilinx Licenses")
       to assist in obtaining a license.
ERROR:Security:14 - No feature was available for 'ISIM'.

No such feature exists.
Feature:       ISIM
License path:  C:/.Xilinx;C:\Xilinx\14.2\ISE_DS\ISE\/coregen/core_licenses\Xilinx.lic;C:\Xilinx\14.2\ISE_DS\ISE\/coregen/core_licenses\XilinxFree.lic;C:\Xilinx\14.2\ISE_DS\EDK/data/core_licenses\Xilinx.lic;C:/Flexlm_10.0c/LICENSE.DAT;
FLEXnet Licensing error:-5,357
For further information, refer to the FLEXnet Licensing documentation,
available at "www.acresso.com".
----------------------------------------------------------------------
WARNING: A full ISim License cannot be checked out due to the issues listed above. Please use Xilinx License Configuration Manager to fix these issues in order to check out a full ISim license.
WARNING: ISim will run in Lite mode. Please refer to the ISim documentation for more information on the differences between the Lite and the Full version.
This is a Lite version of ISim.
# run 1000 ns
Simulator is doing circuit initialization process.
Finished circuit initialization process.
Contents of r1          0 at time                    0
In MEM, ran reset trigger at time                  100
In MEM, ran main loop at time                  106
Stopped at time : 157 ns : File "C:/Users/pravinkumar/Documents/GitHub/AsyncARM/memory_test.v" Line 240
ISim P.28xd (signature 0xa0883be4)
----------------------------------------------------------------------
INFO:Security:51 - The XILINXD_LICENSE_FILE environment variable is not set.
INFO:Security:52 - The LM_LICENSE_FILE environment variable is set to 'C:/Flexlm_10.0c/LICENSE.DAT'.
INFO:Security:68a - user is pravinkumar, on host CALYPSO.
WARNING:Security:43 - No license file was found in the standard Xilinx license directory.
WARNING:Security:44 - Since no license file was found,
       please run the Xilinx License Configuration Manager
       (xlcm or "Manage Xilinx Licenses")
       to assist in obtaining a license.
ERROR:Security:14 - No feature was available for 'ISIM'.

No such feature exists.
Feature:       ISIM
License path:  C:/.Xilinx;C:\Xilinx\14.2\ISE_DS\ISE\/coregen/core_licenses\Xilinx.lic;C:\Xilinx\14.2\ISE_DS\ISE\/coregen/core_licenses\XilinxFree.lic;C:\Xilinx\14.2\ISE_DS\EDK/data/core_licenses\Xilinx.lic;C:/Flexlm_10.0c/LICENSE.DAT;
FLEXnet Licensing error:-5,357
For further information, refer to the FLEXnet Licensing documentation,
available at "www.acresso.com".
----------------------------------------------------------------------
WARNING: A full ISim License cannot be checked out due to the issues listed above. Please use Xilinx License Configuration Manager to fix these issues in order to check out a full ISim license.
WARNING: ISim will run in Lite mode. Please refer to the ISim documentation for more information on the differences between the Lite and the Full version.
This is a Lite version of ISim.
# run 1000 ns
Simulator is doing circuit initialization process.
Finished circuit initialization process.
Contents of r1          0 at time                    0
In MEM, ran reset trigger at time                  100
In MEM, ran main loop at time                  106
In MEM, ran main loop at time                  107
In MEM, ran main loop at time                  116
In MEM, ran main loop at time                  129
ISim P.28xd (signature 0xa0883be4)
----------------------------------------------------------------------
INFO:Security:51 - The XILINXD_LICENSE_FILE environment variable is not set.
INFO:Security:52 - The LM_LICENSE_FILE environment variable is set to 'C:/Flexlm_10.0c/LICENSE.DAT'.
INFO:Security:68a - user is pravinkumar, on host CALYPSO.
WARNING:Security:43 - No license file was found in the standard Xilinx license directory.
WARNING:Security:44 - Since no license file was found,
       please run the Xilinx License Configuration Manager
       (xlcm or "Manage Xilinx Licenses")
       to assist in obtaining a license.
ERROR:Security:14 - No feature was available for 'ISIM'.

No such feature exists.
Feature:       ISIM
License path:  C:/.Xilinx;C:\Xilinx\14.2\ISE_DS\ISE\/coregen/core_licenses\Xilinx.lic;C:\Xilinx\14.2\ISE_DS\ISE\/coregen/core_licenses\XilinxFree.lic;C:\Xilinx\14.2\ISE_DS\EDK/data/core_licenses\Xilinx.lic;C:/Flexlm_10.0c/LICENSE.DAT;
FLEXnet Licensing error:-5,357
For further information, refer to the FLEXnet Licensing documentation,
available at "www.acresso.com".
----------------------------------------------------------------------
WARNING: A full ISim License cannot be checked out due to the issues listed above. Please use Xilinx License Configuration Manager to fix these issues in order to check out a full ISim license.
WARNING: ISim will run in Lite mode. Please refer to the ISim documentation for more information on the differences between the Lite and the Full version.
This is a Lite version of ISim.
# run 1000 ns
Simulator is doing circuit initialization process.
Finished circuit initialization process.
Contents of r1          0 at time                    0
In MEM, ran reset trigger at time                  100
In MEM, ran main loop at time                  106
In MEM, ran main loop at time                  107
In MEM, ran main loop at time                  116
In MEM, ran store at                 128
In MEM, ran main loop at time                  129
ISim P.28xd (signature 0xa0883be4)
----------------------------------------------------------------------
INFO:Security:51 - The XILINXD_LICENSE_FILE environment variable is not set.
INFO:Security:52 - The LM_LICENSE_FILE environment variable is set to 'C:/Flexlm_10.0c/LICENSE.DAT'.
INFO:Security:68a - user is pravinkumar, on host CALYPSO.
WARNING:Security:43 - No license file was found in the standard Xilinx license directory.
WARNING:Security:44 - Since no license file was found,
       please run the Xilinx License Configuration Manager
       (xlcm or "Manage Xilinx Licenses")
       to assist in obtaining a license.
ERROR:Security:14 - No feature was available for 'ISIM'.

No such feature exists.
Feature:       ISIM
License path:  C:/.Xilinx;C:\Xilinx\14.2\ISE_DS\ISE\/coregen/core_licenses\Xilinx.lic;C:\Xilinx\14.2\ISE_DS\ISE\/coregen/core_licenses\XilinxFree.lic;C:\Xilinx\14.2\ISE_DS\EDK/data/core_licenses\Xilinx.lic;C:/Flexlm_10.0c/LICENSE.DAT;
FLEXnet Licensing error:-5,357
For further information, refer to the FLEXnet Licensing documentation,
available at "www.acresso.com".
----------------------------------------------------------------------
WARNING: A full ISim License cannot be checked out due to the issues listed above. Please use Xilinx License Configuration Manager to fix these issues in order to check out a full ISim license.
WARNING: ISim will run in Lite mode. Please refer to the ISim documentation for more information on the differences between the Lite and the Full version.
This is a Lite version of ISim.
# run 1000 ns
Simulator is doing circuit initialization process.
Finished circuit initialization process.
Contents of r1          0 at time                    0
In MEM, ran reset trigger at time                  100
In MEM, ran main loop at time                  106
In MEM, ran main loop at time                  107
In MEM, ran main loop at time                  116
In ALU, ran l/s at                 127
In ALU, ran store at                 127
In MEM, ran store at                 128
In MEM, ran main loop at time                  129
